<?xml version="1.0" encoding="UTF-8"?>
<testsuite xmlns:xsi="http://www.w3.org/2001/XMLSchema-instance" xsi:noNamespaceSchemaLocation="https://maven.apache.org/surefire/maven-surefire-plugin/xsd/surefire-test-report-3.0.xsd" version="3.0" name="automatizado.test.ControleDeProdutoTest" time="2.819" tests="2" errors="0" skipped="0" failures="0">
  <properties>
[...]
</properties>
  <testcase name="TC001_deveAbrirModalParaCadastroAoClicarEmCriar" classname="automatizado.test.ControleDeProdutoTest" time="0.277">
    <system-out><![CDATA[Caminho do executável: C:\Projetos\Automatiza-o-Selenium\Testes Automatizados - Curso completo com Selenium e Java\Site e Projeto Selenium\automatizado
Caminho sem 'automatizado': C:\Projetos\Automatiza-o-Selenium\Testes Automatizados - Curso completo com Selenium e Java\Site e Projeto Selenium/sistema/login.html
]]></system-out>
    <system-err><![CDATA[Starting ChromeDriver 134.0.6998.165 (fd886e2cb29dd984c13deec032832dee68d8abe3-refs/branch-heads/6998@{#2122}) on port 34752
Only local connections are allowed.
Please see https://chromedriver.chromium.org/security-considerations for suggestions on keeping ChromeDriver safe.
ChromeDriver was started successfully on port 34752.
abr. 03, 2025 12:40:15 PM org.openqa.selenium.remote.ProtocolHandshake createSession
INFO: Detected dialect: W3C
]]></system-err>
  </testcase>
  <testcase name="TC002_NaoDeveserPossivelCadastrarUmProdutoSemPreencherTodosOsCampos" classname="automatizado.test.ControleDeProdutoTest" time="0.57"/>
</testsuite>