<?xml version="1.0" encoding="UTF-8"?>
<testsuite xmlns:xsi="http://www.w3.org/2001/XMLSchema-instance" xsi:noNamespaceSchemaLocation="https://maven.apache.org/surefire/maven-surefire-plugin/xsd/surefire-test-report-3.0.xsd" version="3.0" name="automatizado.test.LoginTest" time="27.272" tests="7" errors="0" skipped="0" failures="1">
  <properties>
[...]
</properties>
  <testcase name="TC001_naoDeveLogarNoSistemaComEmailESenhaVazios" classname="automatizado.test.LoginTest" time="18.024">
    <failure message="expected:&lt;... os campos não podem[] ser brancos.&gt; but was:&lt;... os campos não podem[m] ser brancos.&gt;" type="org.junit.ComparisonFailure"><![CDATA[org.junit.ComparisonFailure: expected:<... os campos não podem[] ser brancos.> but was:<... os campos não podem[m] ser brancos.>
	at org.junit.Assert.assertEquals(Assert.java:115)
	at org.junit.Assert.assertEquals(Assert.java:144)
	at automatizado.test.LoginTest.TC001_naoDeveLogarNoSistemaComEmailESenhaVazios(LoginTest.java:28)
	at java.base/jdk.internal.reflect.DirectMethodHandleAccessor.invoke(DirectMethodHandleAccessor.java:103)
	at java.base/java.lang.reflect.Method.invoke(Method.java:580)
	at org.junit.runners.model.FrameworkMethod$1.runReflectiveCall(FrameworkMethod.java:47)
	at org.junit.internal.runners.model.ReflectiveCallable.run(ReflectiveCallable.java:12)
	at org.junit.runners.model.FrameworkMethod.invokeExplosively(FrameworkMethod.java:44)
	at org.junit.internal.runners.statements.InvokeMethod.evaluate(InvokeMethod.java:17)
	at org.junit.runners.ParentRunner.runLeaf(ParentRunner.java:271)
	at org.junit.runners.BlockJUnit4ClassRunner.runChild(BlockJUnit4ClassRunner.java:70)
	at org.junit.runners.BlockJUnit4ClassRunner.runChild(BlockJUnit4ClassRunner.java:50)
	at org.junit.runners.ParentRunner$3.run(ParentRunner.java:238)
	at org.junit.runners.ParentRunner$1.schedule(ParentRunner.java:63)
	at org.junit.runners.ParentRunner.runChildren(ParentRunner.java:236)
	at org.junit.runners.ParentRunner.access$000(ParentRunner.java:53)
	at org.junit.runners.ParentRunner$2.evaluate(ParentRunner.java:229)
	at org.junit.internal.runners.statements.RunBefores.evaluate(RunBefores.java:26)
	at org.junit.internal.runners.statements.RunAfters.evaluate(RunAfters.java:27)
	at org.junit.runners.ParentRunner.run(ParentRunner.java:309)
	at org.apache.maven.surefire.junit4.JUnit4Provider.execute(JUnit4Provider.java:316)
	at org.apache.maven.surefire.junit4.JUnit4Provider.executeWithRerun(JUnit4Provider.java:240)
	at org.apache.maven.surefire.junit4.JUnit4Provider.executeTestSet(JUnit4Provider.java:214)
	at org.apache.maven.surefire.junit4.JUnit4Provider.invoke(JUnit4Provider.java:155)
	at org.apache.maven.surefire.booter.ForkedBooter.runSuitesInProcess(ForkedBooter.java:385)
	at org.apache.maven.surefire.booter.ForkedBooter.execute(ForkedBooter.java:162)
	at org.apache.maven.surefire.booter.ForkedBooter.run(ForkedBooter.java:507)
	at org.apache.maven.surefire.booter.ForkedBooter.main(ForkedBooter.java:495)
]]></failure>
    <system-out><![CDATA[Caminho do executável: C:\Projetos\Automatiza-o-Selenium\Testes Automatizados - Curso completo com Selenium e Java\Site e Projeto Selenium\automatizado
Caminho sem 'automatizado': C:\Projetos\Automatiza-o-Selenium\Testes Automatizados - Curso completo com Selenium e Java\Site e Projeto Selenium/sistema/login.html
]]></system-out>
    <system-err><![CDATA[Starting ChromeDriver 134.0.6998.165 (fd886e2cb29dd984c13deec032832dee68d8abe3-refs/branch-heads/6998@{#2122}) on port 5392
Only local connections are allowed.
Please see https://chromedriver.chromium.org/security-considerations for suggestions on keeping ChromeDriver safe.
ChromeDriver was started successfully on port 5392.
abr. 03, 2025 12:43:22 PM org.openqa.selenium.remote.ProtocolHandshake createSession
INFO: Detected dialect: W3C
]]></system-err>
  </testcase>
  <testcase name="TC002_naoDeveLogarNoSistemaComEmailIncorretoESenhaVazia" classname="automatizado.test.LoginTest" time="0.292"/>
  <testcase name="TC003_nãoDeveLogarNoSistemaComEmailVazioESenhaIncorreta" classname="automatizado.test.LoginTest" time="0.295"/>
  <testcase name="TC004_nãoDeveLogarNoSistemaComEmailESenhaInválidos" classname="automatizado.test.LoginTest" time="0.297"/>
  <testcase name="TC005_nãoDeveLogarNoSistemaComEmailCorretoESenhaIncorreta" classname="automatizado.test.LoginTest" time="0.316"/>
  <testcase name="TC006_nãoDeveLogarNoSistemaComEmailIncorretoESenhaCorreta" classname="automatizado.test.LoginTest" time="0.287"/>
  <testcase name="TC007_DeveLogarNoSistemaComEmailESenhaCorretos" classname="automatizado.test.LoginTest" time="0.325"/>
</testsuite>